#
# There is insufficient memory for the Java Runtime Environment to continue.
# Native memory allocation (mmap) failed to map 134217728 bytes. Error detail: G1 virtual space
# Possible reasons:
#   The system is out of physical RAM or swap space
#   This process is running with CompressedOops enabled, and the Java Heap may be blocking the growth of the native heap
# Possible solutions:
#   Reduce memory load on the system
#   Increase physical memory or swap space
#   Check if swap backing store is full
#   Decrease Java heap size (-Xmx/-Xms)
#   Decrease number of Java threads
#   Decrease Java thread stack sizes (-Xss)
#   Set larger code cache with -XX:ReservedCodeCacheSize=
#   JVM is running with Unscaled Compressed Oops mode in which the Java heap is
#     placed in the first 4GB address space. The Java Heap base address is the
#     maximum limit for the native heap growth. Please use -XX:HeapBaseMinAddress
#     to set the Java Heap base and to place the Java Heap above 4GB virtual address.
# This output file may be truncated or incomplete.
#
#  Out of Memory Error (os_windows.cpp:3898), pid=23936, tid=20744
#
# JRE version:  (21.0.7+9) (build )
# Java VM: OpenJDK 64-Bit Server VM (21.0.7+9-b895.130, mixed mode, sharing, tiered, compressed oops, compressed class ptrs, g1 gc, windows-amd64)
# No core dump will be written. Minidumps are not enabled by default on client versions of Windows
#

---------------  S U M M A R Y ------------

Command Line: -Djava.rmi.server.hostname=127.0.0.1 -Duser.timezone=UTC -Xmx2048m -Xms128m -Djdbc.classpath=C:\Users\USER\AppData\Local\Temp\RemoteDriver9557.classpath.txt --add-exports=java.desktop/sun.awt=ALL-UNNAMED --add-exports=java.desktop/java.awt.peer=ALL-UNNAMED --add-opens=java.desktop/java.awt=ALL-UNNAMED --add-opens=jdk.unsupported/sun.misc=ALL-UNNAMED --add-opens=java.base/java.nio=ALL-UNNAMED --add-opens=java.base/java.util=ALL-UNNAMED -Dfile.encoding=UTF-8 -Dsun.stdout.encoding=UTF-8 -Dsun.stderr.encoding=UTF-8 com.intellij.database.remote.RemoteJdbcServer org.postgresql.Driver

Host: 11th Gen Intel(R) Core(TM) i5-1135G7 @ 2.40GHz, 8 cores, 7G,  Windows 11 , 64 bit Build 26100 (10.0.26100.4484)
Time: Thu Jul 17 13:29:39 2025 Paris, Madrid elapsed time: 2.027458 seconds (0d 0h 0m 2s)

---------------  T H R E A D  ---------------

Current thread (0x00000293cc598670):  JavaThread "Unknown thread" [_thread_in_vm, id=20744, stack(0x000000bfcf500000,0x000000bfcf600000) (1024K)]

Stack: [0x000000bfcf500000,0x000000bfcf600000]
Native frames: (J=compiled Java code, j=interpreted, Vv=VM code, C=native code)
V  [jvm.dll+0x6e6049]
V  [jvm.dll+0x8c4343]
V  [jvm.dll+0x8c689e]
V  [jvm.dll+0x8c6f83]
V  [jvm.dll+0x289266]
V  [jvm.dll+0x6e28c5]
V  [jvm.dll+0x6d634a]
V  [jvm.dll+0x36388b]
V  [jvm.dll+0x36b456]
V  [jvm.dll+0x3bd7e6]
V  [jvm.dll+0x3bdab8]
V  [jvm.dll+0x335fdc]
V  [jvm.dll+0x336ccb]
V  [jvm.dll+0x88b7a9]
V  [jvm.dll+0x3ca9b8]
V  [jvm.dll+0x8747f8]
V  [jvm.dll+0x45f3ce]
V  [jvm.dll+0x4610b1]
C  [jli.dll+0x52ab]
C  [ucrtbase.dll+0x37b0]
C  [KERNEL32.DLL+0x2e8d7]
C  [ntdll.dll+0x3c34c]


---------------  P R O C E S S  ---------------

Threads class SMR info:
_java_thread_list=0x00007ff9cec3b148, length=0, elements={
}

Java Threads: ( => current thread )
Total: 0

Other Threads:
  0x00000293cdf56410 WorkerThread "GC Thread#0"                     [id=1936, stack(0x000000bfcf600000,0x000000bfcf700000) (1024K)]
  0x00000293cdf67610 ConcurrentGCThread "G1 Main Marker"            [id=9072, stack(0x000000bfcf700000,0x000000bfcf800000) (1024K)]
  0x00000293cdf69a40 WorkerThread "G1 Conc#0"                       [id=13528, stack(0x000000bfcf800000,0x000000bfcf900000) (1024K)]

[error occurred during error reporting (printing all threads), id 0xc0000005, EXCEPTION_ACCESS_VIOLATION (0xc0000005) at pc=0x00007ff9ce3290b7]
VM state: not at safepoint (not fully initialized)

VM Mutex/Monitor currently owned by a thread:  ([mutex/lock_event])
[0x00007ff9cecafab8] Heap_lock - owner thread: 0x00000293cc598670

Heap address: 0x0000000080000000, size: 2048 MB, Compressed Oops mode: 32-bit

CDS archive(s) mapped at: [0x0000000000000000-0x0000000000000000-0x0000000000000000), size 0, SharedBaseAddress: 0x0000000800000000, ArchiveRelocationMode: 1.
Narrow klass base: 0x0000000000000000, Narrow klass shift: 0, Narrow klass range: 0x0

GC Precious Log:
 CardTable entry size: 512
 Card Set container configuration: InlinePtr #cards 5 size 8 Array Of Cards #cards 12 size 40 Howl #buckets 4 coarsen threshold 1843 Howl Bitmap #cards 512 size 80 coarsen threshold 460 Card regions per heap region 1 cards per card region 2048

Heap:
 garbage-first heap   total 0K, used 0K [0x0000000080000000, 0x0000000100000000)
  region size 1024K, 0 young (0K), 0 survivors (0K)
 Metaspace       used 0K, committed 0K, reserved 0K
  class space    used 0K, committed 0K, reserved 0K

Heap Regions: E=young(eden), S=young(survivor), O=old, HS=humongous(starts), HC=humongous(continues), CS=collection set, F=free, TAMS=top-at-mark-start, PB=parsable bottom

Card table byte_map: [0x00000293e1f10000,0x00000293e2310000] _byte_map_base: 0x00000293e1b10000

Marking Bits: (CMBitMap*) 0x00000293cdf56a20
 Bits: [0x00000293e2310000, 0x00000293e4310000)

GC Heap History (0 events):
No events

Dll operation events (1 events):
Event: 0.009 Loaded shared library C:\Users\USER\AppData\Local\Programs\IntelliJ IDEA Ultimate\jbr\bin\java.dll

Deoptimization events (0 events):
No events

Classes loaded (0 events):
No events

Classes unloaded (0 events):
No events

Classes redefined (0 events):
No events

Internal exceptions (0 events):
No events

ZGC Phase Switch (0 events):
No events

VM Operations (0 events):
No events

Memory protections (0 events):
No events

Nmethod flushes (0 events):
No events

Events (0 events):
No events


Dynamic libraries:
0x00007ff6ee960000 - 0x00007ff6ee96a000 	C:\Users\USER\AppData\Local\Programs\IntelliJ IDEA Ultimate\jbr\bin\java.exe
0x00007ffa4efa0000 - 0x00007ffa4f208000 	C:\WINDOWS\SYSTEM32\ntdll.dll
0x00007ffa4dba0000 - 0x00007ffa4dc69000 	C:\WINDOWS\System32\KERNEL32.DLL
0x00007ffa4c710000 - 0x00007ffa4cafd000 	C:\WINDOWS\System32\KERNELBASE.dll
0x00007ffa4c5c0000 - 0x00007ffa4c70b000 	C:\WINDOWS\System32\ucrtbase.dll
0x00007ffa46ea0000 - 0x00007ffa46eb8000 	C:\Users\USER\AppData\Local\Programs\IntelliJ IDEA Ultimate\jbr\bin\jli.dll
0x00007ffa46840000 - 0x00007ffa4685b000 	C:\Users\USER\AppData\Local\Programs\IntelliJ IDEA Ultimate\jbr\bin\VCRUNTIME140.dll
0x00007ffa4d9b0000 - 0x00007ffa4db7c000 	C:\WINDOWS\System32\USER32.dll
0x00007ffa4c4f0000 - 0x00007ffa4c517000 	C:\WINDOWS\System32\win32u.dll
0x00007ffa2f070000 - 0x00007ffa2f30a000 	C:\WINDOWS\WinSxS\amd64_microsoft.windows.common-controls_6595b64144ccf1df_6.0.26100.4484_none_3e0e6d4ce32ef3b3\COMCTL32.dll
0x00007ffa4e7d0000 - 0x00007ffa4e7fb000 	C:\WINDOWS\System32\GDI32.dll
0x00007ffa4e700000 - 0x00007ffa4e7a9000 	C:\WINDOWS\System32\msvcrt.dll
0x00007ffa4c300000 - 0x00007ffa4c437000 	C:\WINDOWS\System32\gdi32full.dll
0x00007ffa4c440000 - 0x00007ffa4c4e3000 	C:\WINDOWS\System32\msvcp_win.dll
0x00007ffa4dca0000 - 0x00007ffa4dccf000 	C:\WINDOWS\System32\IMM32.DLL
0x00007ffa3ffa0000 - 0x00007ffa3ffac000 	C:\Users\USER\AppData\Local\Programs\IntelliJ IDEA Ultimate\jbr\bin\vcruntime140_1.dll
0x00007ffa07450000 - 0x00007ffa074dd000 	C:\Users\USER\AppData\Local\Programs\IntelliJ IDEA Ultimate\jbr\bin\msvcp140.dll
0x00007ff9cdfe0000 - 0x00007ff9ceda1000 	C:\Users\USER\AppData\Local\Programs\IntelliJ IDEA Ultimate\jbr\bin\server\jvm.dll
0x00007ffa4df10000 - 0x00007ffa4dfc4000 	C:\WINDOWS\System32\ADVAPI32.dll
0x00007ffa4e190000 - 0x00007ffa4e236000 	C:\WINDOWS\System32\sechost.dll
0x00007ffa4e070000 - 0x00007ffa4e188000 	C:\WINDOWS\System32\RPCRT4.dll
0x00007ffa4cd40000 - 0x00007ffa4cdb4000 	C:\WINDOWS\System32\WS2_32.dll
0x00007ffa3f260000 - 0x00007ffa3f26b000 	C:\WINDOWS\SYSTEM32\VERSION.dll
0x00007ffa4bda0000 - 0x00007ffa4bdfe000 	C:\WINDOWS\SYSTEM32\POWRPROF.dll
0x00007ffa33c90000 - 0x00007ffa33cc5000 	C:\WINDOWS\SYSTEM32\WINMM.dll
0x00007ffa4bd80000 - 0x00007ffa4bd94000 	C:\WINDOWS\SYSTEM32\UMPDC.dll
0x00007ffa4ae90000 - 0x00007ffa4aeab000 	C:\WINDOWS\SYSTEM32\kernel.appcore.dll
0x00007ffa3ff90000 - 0x00007ffa3ff9a000 	C:\Users\USER\AppData\Local\Programs\IntelliJ IDEA Ultimate\jbr\bin\jimage.dll
0x00007ffa49800000 - 0x00007ffa49a41000 	C:\WINDOWS\SYSTEM32\DBGHELP.DLL
0x00007ffa4cdc0000 - 0x00007ffa4d146000 	C:\WINDOWS\System32\combase.dll
0x00007ffa4d380000 - 0x00007ffa4d460000 	C:\WINDOWS\System32\OLEAUT32.dll
0x00007ffa2a1a0000 - 0x00007ffa2a1e3000 	C:\WINDOWS\SYSTEM32\dbgcore.DLL
0x00007ffa4c520000 - 0x00007ffa4c5b9000 	C:\WINDOWS\System32\bcryptPrimitives.dll
0x00007ffa3ff70000 - 0x00007ffa3ff90000 	C:\Users\USER\AppData\Local\Programs\IntelliJ IDEA Ultimate\jbr\bin\java.dll

dbghelp: loaded successfully - version: 4.0.5 - missing functions: none
symbol engine: initialized successfully - sym options: 0x614 - pdb path: .;C:\Users\USER\AppData\Local\Programs\IntelliJ IDEA Ultimate\jbr\bin;C:\WINDOWS\SYSTEM32;C:\WINDOWS\WinSxS\amd64_microsoft.windows.common-controls_6595b64144ccf1df_6.0.26100.4484_none_3e0e6d4ce32ef3b3;C:\Users\USER\AppData\Local\Programs\IntelliJ IDEA Ultimate\jbr\bin\server

VM Arguments:
jvm_args: -Djava.rmi.server.hostname=127.0.0.1 -Duser.timezone=UTC -Xmx2048m -Xms128m -Djdbc.classpath=C:\Users\USER\AppData\Local\Temp\RemoteDriver9557.classpath.txt --add-exports=java.desktop/sun.awt=ALL-UNNAMED --add-exports=java.desktop/java.awt.peer=ALL-UNNAMED --add-opens=java.desktop/java.awt=ALL-UNNAMED --add-opens=jdk.unsupported/sun.misc=ALL-UNNAMED --add-opens=java.base/java.nio=ALL-UNNAMED --add-opens=java.base/java.util=ALL-UNNAMED -Dfile.encoding=UTF-8 -Dsun.stdout.encoding=UTF-8 -Dsun.stderr.encoding=UTF-8 
java_command: com.intellij.database.remote.RemoteJdbcServer org.postgresql.Driver
java_class_path (initial): C:\Users\USER\AppData\Local\Programs\IntelliJ IDEA Ultimate\lib\util_rt.jar;C:\Users\USER\AppData\Local\Programs\IntelliJ IDEA Ultimate\lib\util-8.jar;C:\Users\USER\AppData\Local\Programs\IntelliJ IDEA Ultimate\lib\groovy.jar;C:\Users\USER\AppData\Local\Programs\IntelliJ IDEA Ultimate\plugins\DatabaseTools\lib\jdbc-console.jar;C:\Users\USER\AppData\Local\Programs\IntelliJ IDEA Ultimate\lib\modules\intellij.grid.types.jar;C:\Users\USER\AppData\Local\Programs\IntelliJ IDEA Ultimate\lib\util.jar;C:\Users\USER\AppData\Local\Programs\IntelliJ IDEA Ultimate\lib\bouncy-castle.jar
Launcher Type: SUN_STANDARD

[Global flags]
     intx CICompilerCount                          = 4                                         {product} {ergonomic}
     uint ConcGCThreads                            = 2                                         {product} {ergonomic}
     uint G1ConcRefinementThreads                  = 8                                         {product} {ergonomic}
   size_t G1HeapRegionSize                         = 1048576                                   {product} {ergonomic}
    uintx GCDrainStackTargetSize                   = 64                                        {product} {ergonomic}
   size_t InitialHeapSize                          = 134217728                                 {product} {command line}
   size_t MarkStackSize                            = 4194304                                   {product} {ergonomic}
   size_t MaxHeapSize                              = 2147483648                                {product} {command line}
   size_t MinHeapDeltaBytes                        = 1048576                                   {product} {ergonomic}
   size_t MinHeapSize                              = 134217728                                 {product} {command line}
    uintx NonNMethodCodeHeapSize                   = 5839372                                {pd product} {ergonomic}
    uintx NonProfiledCodeHeapSize                  = 122909434                              {pd product} {ergonomic}
    uintx ProfiledCodeHeapSize                     = 122909434                              {pd product} {ergonomic}
    uintx ReservedCodeCacheSize                    = 251658240                              {pd product} {ergonomic}
     bool SegmentedCodeCache                       = true                                      {product} {ergonomic}
   size_t SoftMaxHeapSize                          = 2147483648                             {manageable} {ergonomic}
     bool UseCompressedOops                        = true                           {product lp64_product} {ergonomic}
     bool UseG1GC                                  = true                                      {product} {ergonomic}
     bool UseLargePagesIndividualAllocation        = false                                  {pd product} {ergonomic}

Logging:
Log output configuration:
 #0: stdout all=warning uptime,level,tags foldmultilines=false
 #1: stderr all=off uptime,level,tags foldmultilines=false

Environment Variables:
JAVA_HOME=C:\Program Files\Java\jdk-21
PATH=C:\Program Files\Java\jdk-21\bin;C:\Program Files (x86)\VMware\VMware Workstation\bin\;C:\Program Files\Common Files\Oracle\Java\javapath;C:\oraclexe\app\oracle\product\10.2.0\server\bin;C:\Windows\system32;C:\Windows;C:\Windows\System32\Wbem;C:\Windows\System32\WindowsPowerShell\v1.0\;C:\Windows\System32\OpenSSH\;C:\Program Files (x86)\NVIDIA Corporation\PhysX\Common;"C:\Program Files\NVIDIA Corporation\NVIDIA NvDLISR;C:\MinGW\bin\;";C:\TDM-GCC-64\bin;C:\Users\USER\AppData\Local\Programs\Python\Python312;C:\ProgramData\chocolatey\bin;C:\Program Files\nodejs\;C:\Users\USER\AppData\Local\Programs\Python\Python312\;C:\Users\USER\AppData\Local\Programs\Python\Python312\Scripts\;C:\Program Files\dotnet\;C:\Program Files\Docker\Docker\resources\bin;C:\Users\USER\Anaconda3\Scripts\;C:\Users\USER\Miniconda3\condabin\;C:\WINDOWS\system32;C:\WINDOWS;C:\WINDOWS\System32\Wbem;C:\WINDOWS\System32\WindowsPowerShell\v1.0\;C:\WINDOWS\System32\OpenSSH\;C:\Users\USER\miniconda3;C:\Users\USER\miniconda3\Scripts;C:\Users\USER\miniconda3\Library\bin;c:\altera\90\quartus\bin;C:\dev\apache-maven-3.9.10-bin\apache-maven-3.9.10\bin;C:\Program Files\Git\cmd;C:\altera\90\modelsim_ase\win32aloem;C:\Program Files\Java\jdk-21\bin;C:\Users\USER\miniconda3\Scripts;C:\Users\USER\miniconda3\condabin;C:\Users\USER\AppData\Local\Microsoft\WindowsApps;C:\Users\USER\AppData\Local\Programs\Microsoft VS Code\bin;C:\Users\USER\AppData\Local\Programs\MiKTeX\miktex\bin\x64\;C:\Users\USER\AppData\Roaming\npm;C:\Users\USER\AppData\Local\JetBrains\Toolbox\scripts;
USERNAME=Happy girl
OS=Windows_NT
PROCESSOR_IDENTIFIER=Intel64 Family 6 Model 140 Stepping 1, GenuineIntel
TMP=C:\Users\USER\AppData\Local\Temp
TEMP=C:\Users\USER\AppData\Local\Temp




Periodic native trim disabled

JNI global refs:
JNI global refs: 0, weak refs: 0

JNI global refs memory usage: 0, weak refs: 0

Process memory usage:
Resident Set Size: 12956K (0% of 8075364K total physical memory with 428392K free physical memory)

OOME stack traces (most recent first):
Classloader memory used:

---------------  S Y S T E M  ---------------

OS:
 Windows 11 , 64 bit Build 26100 (10.0.26100.4484)
OS uptime: 0 days 1:13 hours
Hyper-V role detected

CPU: total 8 (initial active 8) (4 cores per cpu, 2 threads per core) family 6 model 140 stepping 1 microcode 0xb6, cx8, cmov, fxsr, ht, mmx, 3dnowpref, sse, sse2, sse3, ssse3, sse4.1, sse4.2, popcnt, lzcnt, tsc, tscinvbit, avx, avx2, aes, erms, clmul, bmi1, bmi2, adx, avx512f, avx512dq, avx512cd, avx512bw, avx512vl, sha, fma, vzeroupper, avx512_vpopcntdq, avx512_vpclmulqdq, avx512_vaes, avx512_vnni, clflush, clflushopt, clwb, avx512_vbmi2, avx512_vbmi, hv, rdtscp, rdpid, fsrm, gfni, avx512_bitalg, f16c, cet_ibt, cet_ss, avx512_ifma
Processor Information for the first 8 processors :
  Max Mhz: 2419, Current Mhz: 2419, Mhz Limit: 2419

Memory: 4k page, system-wide physical 7886M (418M free)
TotalPageFile size 32462M (AvailPageFile size 62M)
current process WorkingSet (physical memory assigned to process): 12M, peak: 12M
current process commit charge ("private bytes"): 60M, peak: 188M

vm_info: OpenJDK 64-Bit Server VM (21.0.7+9-b895.130) for windows-amd64 JRE (21.0.7+9-b895.130), built on 2025-05-13 by "builduser" with MS VC++ 16.10 / 16.11 (VS2019)

END.
